<?xml version="1.0" encoding="UTF-8"?>
<testng-results skipped="0" failed="0" total="4" passed="4">
  <reporter-output>
  </reporter-output>
  <suite name="mysuite" duration-ms="41152" started-at="2019-03-10T12:40:11Z" finished-at="2019-03-10T12:40:52Z">
    <groups>
    </groups>
    <test name="myTest" duration-ms="41152" started-at="2019-03-10T12:40:11Z" finished-at="2019-03-10T12:40:52Z">
      <class name="myPack.Abdullah">
        <test-method status="PASS" signature="addEmp()[pri:0, instance:myPack.Abdullah@1ba5a14]" name="addEmp" duration-ms="30922" started-at="2019-03-10T18:10:11Z" finished-at="2019-03-10T18:10:42Z">
          <reporter-output>
          </reporter-output>
        </test-method> <!-- addEmp -->
        <test-method status="PASS" signature="deleteEmp()[pri:0, instance:myPack.Abdullah@1ba5a14]" name="deleteEmp" duration-ms="0" started-at="2019-03-10T18:10:42Z" finished-at="2019-03-10T18:10:42Z">
          <reporter-output>
          </reporter-output>
        </test-method> <!-- deleteEmp -->
        <test-method status="PASS" signature="editEmp()[pri:0, instance:myPack.Abdullah@1ba5a14]" name="editEmp" duration-ms="1" started-at="2019-03-10T18:10:42Z" finished-at="2019-03-10T18:10:42Z">
          <reporter-output>
          </reporter-output>
        </test-method> <!-- editEmp -->
        <test-method status="PASS" signature="verifyLogin()[pri:0, instance:myPack.Abdullah@1ba5a14]" name="verifyLogin" duration-ms="10197" started-at="2019-03-10T18:10:42Z" finished-at="2019-03-10T18:10:52Z">
          <reporter-output>
          </reporter-output>
        </test-method> <!-- verifyLogin -->
      </class> <!-- myPack.Abdullah -->
    </test> <!-- myTest -->
  </suite> <!-- mysuite -->
</testng-results>
